sentayzo/build/outputs/logs/manifest-merger-debug-report.txt
-- Merging decision tree log ---
manifest
ADDED from src\main\AndroidManifest.xml:2:1-248:12
	package
		ADDED from src\main\AndroidManifest.xml:3:5-31
		INJECTED from src\main\AndroidManifest.xml
		INJECTED from src\main\AndroidManifest.xml
	android:versionName
		ADDED from src\main\AndroidManifest.xml:5:5-32
		INJECTED from src\main\AndroidManifest.xml
		INJECTED from src\main\AndroidManifest.xml
	android:versionCode
		ADDED from src\main\AndroidManifest.xml:4:5-28
		INJECTED from src\main\AndroidManifest.xml
		INJECTED from src\main\AndroidManifest.xml
	xmlns:android
		ADDED from src\main\AndroidManifest.xml:2:11-69
uses-sdk
ADDED from src\main\AndroidManifest.xml:7:5-9:41
MERGED from [com.android.support:multidex:1.0.1] AndroidManifest.xml:18:5-42
MERGED from [Sentayzo:appRater:unspecified] AndroidManifest.xml:7:5-9:41
MERGED from [com.android.support:cardview-v7:25.3.0] AndroidManifest.xml:20:5-43
MERGED from [com.google.android.gms:play-services:10.2.0] AndroidManifest.xml:4:5-43
MERGED from [com.google.android.gms:play-services-analytics:10.2.0] AndroidManifest.xml:17:5-43
MERGED from [com.google.android.gms:play-services-appinvite:10.2.0] AndroidManifest.xml:17:5-43
MERGED from [com.google.android.gms:play-services-cast-framework:10.2.0] AndroidManifest.xml:3:5-43
MERGED from [com.google.android.gms:play-services-cast:10.2.0] AndroidManifest.xml:17:5-43
MERGED from [com.android.support:mediarouter-v7:25.3.0] AndroidManifest.xml:20:5-43
MERGED from [com.android.support:palette-v7:25.3.0] AndroidManifest.xml:20:5-43
MERGED from [com.google.firebase:firebase-config:10.2.0] AndroidManifest.xml:17:5-43
MERGED from [com.google.android.gms:play-services-awareness:10.2.0] AndroidManifest.xml:17:5-43
MERGED from [com.google.firebase:firebase-crash:10.2.0] AndroidManifest.xml:20:5-43
MERGED from [com.google.firebase:firebase-auth:10.2.0] AndroidManifest.xml:17:5-43
MERGED from [com.google.firebase:firebase-database:10.2.0] AndroidManifest.xml:3:5-43
MERGED from [com.google.firebase:firebase-database-connection:10.2.0] AndroidManifest.xml:3:5-43
MERGED from [com.google.firebase:firebase-messaging:10.2.0] AndroidManifest.xml:17:5-43
MERGED from [com.google.firebase:firebase-storage:10.2.0] AndroidManifest.xml:3:5-43
MERGED from [com.google.firebase:firebase-storage-common:10.2.0] AndroidManifest.xml:3:5-43
MERGED from [com.google.android.gms:play-services-fitness:10.2.0] AndroidManifest.xml:17:5-43
MERGED from [com.google.android.gms:play-services-games:10.2.0] AndroidManifest.xml:17:5-43
MERGED from [com.google.android.gms:play-services-drive:10.2.0] AndroidManifest.xml:17:5-43
MERGED from [com.google.firebase:firebase-appindexing:10.2.0] AndroidManifest.xml:17:5-43
MERGED from [com.google.android.gms:play-services-instantapps:10.2.0] AndroidManifest.xml:3:5-43
MERGED from [com.google.android.gms:play-services-location:10.2.0] AndroidManifest.xml:3:5-43
MERGED from [com.google.android.gms:play-services-nearby:10.2.0] AndroidManifest.xml:3:5-43
MERGED from [com.google.android.gms:play-services-panorama:10.2.0] AndroidManifest.xml:17:5-43
MERGED from [com.google.android.gms:play-services-places:10.2.0] AndroidManifest.xml:17:5-43
MERGED from [com.google.android.gms:play-services-plus:10.2.0] AndroidManifest.xml:17:5-43
MERGED from [com.google.android.gms:play-services-safetynet:10.2.0] AndroidManifest.xml:17:5-43
MERGED from [com.google.android.gms:play-services-tagmanager:10.2.0] AndroidManifest.xml:17:5-43
MERGED from [com.google.android.gms:play-services-tagmanager-api:10.2.0] AndroidManifest.xml:17:5-43
MERGED from [com.google.firebase:firebase-analytics:10.2.0] AndroidManifest.xml:17:5-43
MERGED from [com.google.firebase:firebase-analytics-impl:10.2.0] AndroidManifest.xml:17:5-43
MERGED from [com.google.firebase:firebase-iid:10.2.0] AndroidManifest.xml:17:5-43
MERGED from [com.google.firebase:firebase-common:10.2.0] AndroidManifest.xml:3:5-43
MERGED from [com.google.android.gms:play-services-tagmanager-v4-impl:10.2.0] AndroidManifest.xml:17:5-43
MERGED from [com.google.android.gms:play-services-analytics-impl:10.2.0] AndroidManifest.xml:17:5-43
MERGED from [com.google.android.gms:play-services-vision:10.2.0] AndroidManifest.xml:3:5-43
MERGED from [com.google.android.gms:play-services-wallet:10.2.0] AndroidManifest.xml:18:5-43
MERGED from [com.google.android.gms:play-services-identity:10.2.0] AndroidManifest.xml:17:5-43
MERGED from [com.google.android.gms:play-services-maps:10.2.0] AndroidManifest.xml:23:5-43
MERGED from [com.google.android.gms:play-services-wearable:10.2.0] AndroidManifest.xml:17:5-43
MERGED from [net.i2p.android.ext:floatingactionbutton:1.10.0] AndroidManifest.xml:8:5-10:41
MERGED from [com.google.android.gms:play-services-ads:10.2.0] AndroidManifest.xml:17:5-43
MERGED from [com.google.android.gms:play-services-ads-lite:10.2.0] AndroidManifest.xml:22:5-43
MERGED from [com.google.android.gms:play-services-clearcut:10.2.0] AndroidManifest.xml:17:5-43
MERGED from [com.google.android.gms:play-services-gass:10.2.0] AndroidManifest.xml:3:5-43
MERGED from [com.google.android.gms:play-services-auth:10.2.0] AndroidManifest.xml:17:5-43
MERGED from [com.google.android.gms:play-services-auth-base:10.2.0] AndroidManifest.xml:4:5-43
MERGED from [com.google.android.gms:play-services-gcm:10.2.0] AndroidManifest.xml:17:5-43
MERGED from [com.google.android.gms:play-services-iid:10.2.0] AndroidManifest.xml:17:5-43
MERGED from [com.google.android.gms:play-services-base:10.2.0] AndroidManifest.xml:17:5-43
MERGED from [com.google.android.gms:play-services-tasks:10.2.0] AndroidManifest.xml:3:5-43
MERGED from [com.google.android.gms:play-services-basement:10.2.0] AndroidManifest.xml:17:5-43
MERGED from [com.github.TR4Android:AppCompat-Extension-Library:v0.4.0] AndroidManifest.xml:8:5-10:41
MERGED from [com.android.support:design:25.3.0] AndroidManifest.xml:21:5-23:62
MERGED from [com.android.support:recyclerview-v7:25.3.0] AndroidManifest.xml:20:5-43
MERGED from [com.android.support:transition:25.3.0] AndroidManifest.xml:20:5-44
MERGED from [com.getkeepsafe.taptargetview:taptargetview:1.8.0] AndroidManifest.xml:8:5-44
MERGED from [de.hdodenhof:circleimageview:2.0.0] AndroidManifest.xml:5:5-7:41
MERGED from [com.github.Mariovc:ImagePicker:1.0.5] AndroidManifest.xml:22:5-24:41
MERGED from [com.android.support:appcompat-v7:25.3.0] AndroidManifest.xml:21:5-23:78
MERGED from [com.android.support:support-v4:25.3.0] AndroidManifest.xml:21:5-23:54
MERGED from [com.android.support:support-fragment:25.3.0] AndroidManifest.xml:21:5-23:60
MERGED from [com.android.support:support-media-compat:25.3.0] AndroidManifest.xml:21:5-23:63
MERGED from [com.android.support:support-core-ui:25.3.0] AndroidManifest.xml:21:5-23:58
MERGED from [com.android.support:support-core-utils:25.3.0] AndroidManifest.xml:21:5-23:61
MERGED from [com.android.support:animated-vector-drawable:25.3.0] AndroidManifest.xml:20:5-44
MERGED from [com.android.support:support-vector-drawable:25.3.0] AndroidManifest.xml:20:5-43
MERGED from [com.android.support:support-compat:25.3.0] AndroidManifest.xml:21:5-23:58
MERGED from [com.android.support.constraint:constraint-layout:1.0.2] AndroidManifest.xml:5:5-7:41
	tools:overrideLibrary
		ADDED from [com.android.support:design:25.3.0] AndroidManifest.xml:23:9-59
	android:targetSdkVersion
		ADDED from src\main\AndroidManifest.xml:9:9-38
		INJECTED from src\main\AndroidManifest.xml
		INJECTED from src\main\AndroidManifest.xml
	android:minSdkVersion
		ADDED from src\main\AndroidManifest.xml:8:9-34
		INJECTED from src\main\AndroidManifest.xml
		INJECTED from src\main\AndroidManifest.xml
uses-permission#android.permission.WRITE_EXTERNAL_STORAGE
ADDED from src\main\AndroidManifest.xml:11:5-81
	android:name
		ADDED from src\main\AndroidManifest.xml:11:22-78
uses-permission#com.android.alarm.permission.SET_ALARM
ADDED from src\main\AndroidManifest.xml:12:5-78
	android:name
		ADDED from src\main\AndroidManifest.xml:12:22-75
uses-permission#android.permission.RECEIVE_BOOT_COMPLETED
ADDED from src\main\AndroidManifest.xml:13:5-81
	android:name
		ADDED from src\main\AndroidManifest.xml:13:22-78
uses-permission#android.permission.WAKE_LOCK
ADDED from src\main\AndroidManifest.xml:14:5-68
MERGED from [com.google.android.gms:play-services-analytics:10.2.0] AndroidManifest.xml:24:5-67
MERGED from [com.google.firebase:firebase-analytics:10.2.0] AndroidManifest.xml:22:5-67
MERGED from [com.google.firebase:firebase-analytics-impl:10.2.0] AndroidManifest.xml:22:5-67
MERGED from [com.google.firebase:firebase-iid:10.2.0] AndroidManifest.xml:21:5-67
MERGED from [com.google.android.gms:play-services-analytics-impl:10.2.0] AndroidManifest.xml:24:5-67
	android:name
		ADDED from src\main\AndroidManifest.xml:14:22-65
uses-permission#com.android.vending.BILLING
ADDED from src\main\AndroidManifest.xml:15:5-67
	android:name
		ADDED from src\main\AndroidManifest.xml:15:22-64
uses-permission#android.permission.ACCESS_NETWORK_STATE
ADDED from src\main\AndroidManifest.xml:16:5-79
MERGED from [com.google.android.gms:play-services-analytics:10.2.0] AndroidManifest.xml:21:5-78
MERGED from [com.google.android.gms:play-services-nearby:10.2.0] AndroidManifest.xml:4:5-78
MERGED from [com.google.android.gms:play-services-tagmanager-api:10.2.0] AndroidManifest.xml:21:5-78
MERGED from [com.google.firebase:firebase-analytics:10.2.0] AndroidManifest.xml:21:5-78
MERGED from [com.google.firebase:firebase-analytics-impl:10.2.0] AndroidManifest.xml:21:5-78
MERGED from [com.google.firebase:firebase-iid:10.2.0] AndroidManifest.xml:19:5-78
MERGED from [com.google.android.gms:play-services-analytics-impl:10.2.0] AndroidManifest.xml:21:5-78
MERGED from [com.google.android.gms:play-services-maps:10.2.0] AndroidManifest.xml:19:5-78
MERGED from [com.google.android.gms:play-services-ads-lite:10.2.0] AndroidManifest.xml:20:5-78
	android:name
		ADDED from src\main\AndroidManifest.xml:16:22-76
uses-permission#android.permission.INTERNET
ADDED from src\main\AndroidManifest.xml:17:5-67
MERGED from [com.google.android.gms:play-services-analytics:10.2.0] AndroidManifest.xml:20:5-66
MERGED from [com.google.android.gms:play-services-appinvite:10.2.0] AndroidManifest.xml:18:5-66
MERGED from [com.google.firebase:firebase-crash:10.2.0] AndroidManifest.xml:18:5-66
MERGED from [com.google.android.gms:play-services-tagmanager-api:10.2.0] AndroidManifest.xml:20:5-66
MERGED from [com.google.firebase:firebase-analytics:10.2.0] AndroidManifest.xml:20:5-66
MERGED from [com.google.firebase:firebase-analytics-impl:10.2.0] AndroidManifest.xml:20:5-66
MERGED from [com.google.firebase:firebase-iid:10.2.0] AndroidManifest.xml:20:5-66
MERGED from [com.google.android.gms:play-services-analytics-impl:10.2.0] AndroidManifest.xml:20:5-66
MERGED from [com.google.android.gms:play-services-maps:10.2.0] AndroidManifest.xml:20:5-66
MERGED from [com.google.android.gms:play-services-ads-lite:10.2.0] AndroidManifest.xml:19:5-66
MERGED from [com.google.android.gms:play-services-gcm:10.2.0] AndroidManifest.xml:21:5-66
MERGED from [com.google.android.gms:play-services-iid:10.2.0] AndroidManifest.xml:21:5-66
	android:name
		ADDED from src\main\AndroidManifest.xml:17:22-64
uses-permission#android.permission.VIBRATE
ADDED from src\main\AndroidManifest.xml:18:5-66
	android:name
		ADDED from src\main\AndroidManifest.xml:18:22-63
uses-feature#android.hardware.camera
ADDED from src\main\AndroidManifest.xml:20:5-60
	android:name
		ADDED from src\main\AndroidManifest.xml:20:19-57
uses-feature#android.hardware.camera.autofocus
ADDED from src\main\AndroidManifest.xml:21:5-23:36
	android:required
		ADDED from src\main\AndroidManifest.xml:23:9-33
	android:name
		ADDED from src\main\AndroidManifest.xml:22:9-57
uses-permission#android.permission.CAMERA
ADDED from src\main\AndroidManifest.xml:25:5-65
	android:name
		ADDED from src\main\AndroidManifest.xml:25:22-62
uses-permission#android.permission.READ_PHONE_STATE
ADDED from src\main\AndroidManifest.xml:27:5-75
	android:name
		ADDED from src\main\AndroidManifest.xml:27:22-72
uses-permission#android.permission.READ_EXTERNAL_STORAGE
ADDED from src\main\AndroidManifest.xml:28:5-80
	android:name
		ADDED from src\main\AndroidManifest.xml:28:22-77
application
ADDED from src\main\AndroidManifest.xml:30:5-246:19
MERGED from [com.android.support:cardview-v7:25.3.0] AndroidManifest.xml:26:5-20
MERGED from [com.google.android.gms:play-services:10.2.0] AndroidManifest.xml:5:5-20
MERGED from [com.google.android.gms:play-services-analytics:10.2.0] AndroidManifest.xml:26:5-19
MERGED from [com.google.android.gms:play-services-appinvite:10.2.0] AndroidManifest.xml:19:5-26:19
MERGED from [com.google.android.gms:play-services-cast-framework:10.2.0] AndroidManifest.xml:4:5-8:19
MERGED from [com.google.android.gms:play-services-cast:10.2.0] AndroidManifest.xml:18:5-19
MERGED from [com.android.support:mediarouter-v7:25.3.0] AndroidManifest.xml:26:5-20
MERGED from [com.android.support:palette-v7:25.3.0] AndroidManifest.xml:26:5-20
MERGED from [com.google.firebase:firebase-config:10.2.0] AndroidManifest.xml:18:5-19
MERGED from [com.google.android.gms:play-services-awareness:10.2.0] AndroidManifest.xml:18:5-19
MERGED from [com.google.firebase:firebase-crash:10.2.0] AndroidManifest.xml:22:5-23:19
MERGED from [com.google.firebase:firebase-auth:10.2.0] AndroidManifest.xml:19:5-20:19
MERGED from [com.google.firebase:firebase-messaging:10.2.0] AndroidManifest.xml:19:5-29:19
MERGED from [com.google.android.gms:play-services-fitness:10.2.0] AndroidManifest.xml:18:5-19
MERGED from [com.google.android.gms:play-services-games:10.2.0] AndroidManifest.xml:18:5-19
MERGED from [com.google.android.gms:play-services-drive:10.2.0] AndroidManifest.xml:18:5-19
MERGED from [com.google.firebase:firebase-appindexing:10.2.0] AndroidManifest.xml:18:5-19
MERGED from [com.google.android.gms:play-services-location:10.2.0] AndroidManifest.xml:4:5-19
MERGED from [com.google.android.gms:play-services-nearby:10.2.0] AndroidManifest.xml:5:5-19
MERGED from [com.google.android.gms:play-services-panorama:10.2.0] AndroidManifest.xml:18:5-19
MERGED from [com.google.android.gms:play-services-places:10.2.0] AndroidManifest.xml:18:5-19
MERGED from [com.google.android.gms:play-services-plus:10.2.0] AndroidManifest.xml:18:5-19
MERGED from [com.google.android.gms:play-services-safetynet:10.2.0] AndroidManifest.xml:18:5-19
MERGED from [com.google.android.gms:play-services-tagmanager-api:10.2.0] AndroidManifest.xml:23:5-33:19
MERGED from [com.google.firebase:firebase-analytics:10.2.0] AndroidManifest.xml:24:5-33:19
MERGED from [com.google.firebase:firebase-analytics-impl:10.2.0] AndroidManifest.xml:24:5-28:19
MERGED from [com.google.firebase:firebase-iid:10.2.0] AndroidManifest.xml:28:5-50:19
MERGED from [com.google.firebase:firebase-common:10.2.0] AndroidManifest.xml:4:5-7:19
MERGED from [com.google.android.gms:play-services-tagmanager-v4-impl:10.2.0] AndroidManifest.xml:19:5-19
MERGED from [com.google.android.gms:play-services-analytics-impl:10.2.0] AndroidManifest.xml:26:5-19
MERGED from [com.google.android.gms:play-services-vision:10.2.0] AndroidManifest.xml:4:5-19
MERGED from [com.google.android.gms:play-services-identity:10.2.0] AndroidManifest.xml:18:5-19
MERGED from [com.google.android.gms:play-services-maps:10.2.0] AndroidManifest.xml:24:5-19
MERGED from [com.google.android.gms:play-services-wearable:10.2.0] AndroidManifest.xml:18:5-19
MERGED from [net.i2p.android.ext:floatingactionbutton:1.10.0] AndroidManifest.xml:12:5-20
MERGED from [com.google.android.gms:play-services-ads-lite:10.2.0] AndroidManifest.xml:23:5-27:19
MERGED from [com.google.android.gms:play-services-clearcut:10.2.0] AndroidManifest.xml:18:5-19
MERGED from [com.google.android.gms:play-services-gass:10.2.0] AndroidManifest.xml:4:5-19
MERGED from [com.google.android.gms:play-services-auth:10.2.0] AndroidManifest.xml:19:5-25:19
MERGED from [com.google.android.gms:play-services-gcm:10.2.0] AndroidManifest.xml:23:5-19
MERGED from [com.google.android.gms:play-services-iid:10.2.0] AndroidManifest.xml:23:5-19
MERGED from [com.google.android.gms:play-services-base:10.2.0] AndroidManifest.xml:18:5-20:19
MERGED from [com.google.android.gms:play-services-tasks:10.2.0] AndroidManifest.xml:4:5-19
MERGED from [com.google.android.gms:play-services-basement:10.2.0] AndroidManifest.xml:19:5-21:19
MERGED from [com.github.TR4Android:AppCompat-Extension-Library:v0.4.0] AndroidManifest.xml:12:5-20
MERGED from [com.android.support:design:25.3.0] AndroidManifest.xml:29:5-20
MERGED from [com.android.support:transition:25.3.0] AndroidManifest.xml:26:5-20
MERGED from [de.hdodenhof:circleimageview:2.0.0] AndroidManifest.xml:9:5-20
MERGED from [com.github.Mariovc:ImagePicker:1.0.5] AndroidManifest.xml:26:5-30:19
MERGED from [com.android.support:appcompat-v7:25.3.0] AndroidManifest.xml:29:5-20
MERGED from [com.android.support:support-v4:25.3.0] AndroidManifest.xml:29:5-20
MERGED from [com.android.support:support-fragment:25.3.0] AndroidManifest.xml:29:5-20
MERGED from [com.android.support:support-media-compat:25.3.0] AndroidManifest.xml:29:5-20
MERGED from [com.android.support:support-core-ui:25.3.0] AndroidManifest.xml:29:5-20
MERGED from [com.android.support:support-core-utils:25.3.0] AndroidManifest.xml:29:5-20
MERGED from [com.android.support:animated-vector-drawable:25.3.0] AndroidManifest.xml:26:5-20
MERGED from [com.android.support:support-vector-drawable:25.3.0] AndroidManifest.xml:26:5-20
MERGED from [com.android.support:support-compat:25.3.0] AndroidManifest.xml:29:5-20
MERGED from [com.android.support.constraint:constraint-layout:1.0.2] AndroidManifest.xml:9:5-20
	android:label
		ADDED from src\main\AndroidManifest.xml:34:9-41
	android:supportsRtl
		ADDED from [com.github.Mariovc:ImagePicker:1.0.5] AndroidManifest.xml:29:9-35
	android:allowBackup
		ADDED from src\main\AndroidManifest.xml:32:9-35
	android:icon
		ADDED from src\main\AndroidManifest.xml:33:9-45
	android:largeHeap
		ADDED from src\main\AndroidManifest.xml:35:9-33
	android:theme
		ADDED from src\main\AndroidManifest.xml:36:9-40
	android:name
		ADDED from src\main\AndroidManifest.xml:31:9-41
activity#com.sentayzo.app.MainActivity
ADDED from src\main\AndroidManifest.xml:37:9-39:48
	android:label
		ADDED from src\main\AndroidManifest.xml:39:13-45
	android:name
		ADDED from src\main\AndroidManifest.xml:38:13-41
activity#com.sentayzo.app.NewAccount
ADDED from src\main\AndroidManifest.xml:40:9-47:20
	android:label
		ADDED from src\main\AndroidManifest.xml:42:13-63
	android:parentActivityName
		ADDED from src\main\AndroidManifest.xml:43:13-55
	android:name
		ADDED from src\main\AndroidManifest.xml:41:13-39
meta-data#android.support.PARENT_ACTIVITY
ADDED from src\main\AndroidManifest.xml:44:13-46:65
	android:value
		ADDED from src\main\AndroidManifest.xml:46:17-62
	android:name
		ADDED from src\main\AndroidManifest.xml:45:17-63
activity#com.sentayzo.app.NewTransaction
ADDED from src\main\AndroidManifest.xml:48:9-55:20
	android:label
		ADDED from src\main\AndroidManifest.xml:50:13-67
	android:parentActivityName
		ADDED from src\main\AndroidManifest.xml:51:13-55
	android:name
		ADDED from src\main\AndroidManifest.xml:49:13-43
provider#com.sentayzo.app.MyContentProvider
ADDED from src\main\AndroidManifest.xml:57:9-61:40
	android:authorities
		ADDED from src\main\AndroidManifest.xml:59:13-54
	android:enabled
		ADDED from src\main\AndroidManifest.xml:60:13-35
	android:exported
		ADDED from src\main\AndroidManifest.xml:61:13-37
	android:name
		ADDED from src\main\AndroidManifest.xml:58:13-46
activity#com.sentayzo.app.OverviewActivity
ADDED from src\main\AndroidManifest.xml:63:9-70:20
	android:label
		ADDED from src\main\AndroidManifest.xml:65:13-72
	android:parentActivityName
		ADDED from src\main\AndroidManifest.xml:66:13-55
	android:name
		ADDED from src\main\AndroidManifest.xml:64:13-45
activity#com.sentayzo.app.EditTransaction
ADDED from src\main\AndroidManifest.xml:71:9-78:20
	android:label
		ADDED from src\main\AndroidManifest.xml:73:13-68
	android:parentActivityName
		ADDED from src\main\AndroidManifest.xml:74:13-55
	android:name
		ADDED from src\main\AndroidManifest.xml:72:13-44
activity#org.achartengine.GraphicalActivity
ADDED from src\main\AndroidManifest.xml:79:9-71
	android:name
		ADDED from src\main\AndroidManifest.xml:79:19-68
activity#com.sentayzo.app.HelpActivity
ADDED from src\main\AndroidManifest.xml:80:9-87:20
	android:label
		ADDED from src\main\AndroidManifest.xml:82:13-56
	android:parentActivityName
		ADDED from src\main\AndroidManifest.xml:83:13-55
	android:name
		ADDED from src\main\AndroidManifest.xml:81:13-41
activity#com.sentayzo.app.FinancialStatement
ADDED from src\main\AndroidManifest.xml:88:9-95:20
	android:label
		ADDED from src\main\AndroidManifest.xml:90:13-71
	android:parentActivityName
		ADDED from src\main\AndroidManifest.xml:91:13-55
	android:name
		ADDED from src\main\AndroidManifest.xml:89:13-47
activity#com.sentayzo.app.TestOut
ADDED from src\main\AndroidManifest.xml:96:9-98:39
	android:label
		ADDED from src\main\AndroidManifest.xml:98:13-36
	android:name
		ADDED from src\main\AndroidManifest.xml:97:13-36
activity#com.sentayzo.app.NewTransfer
ADDED from src\main\AndroidManifest.xml:99:9-106:20
	android:label
		ADDED from src\main\AndroidManifest.xml:101:13-64
	android:parentActivityName
		ADDED from src\main\AndroidManifest.xml:102:13-55
	android:name
		ADDED from src\main\AndroidManifest.xml:100:13-40
activity#com.sentayzo.app.CategoryTxView
ADDED from src\main\AndroidManifest.xml:107:9-114:20
	android:label
		ADDED from src\main\AndroidManifest.xml:109:13-68
	android:parentActivityName
		ADDED from src\main\AndroidManifest.xml:110:13-55
	android:name
		ADDED from src\main\AndroidManifest.xml:108:13-43
activity#com.sentayzo.app.PayeeTxView
ADDED from src\main\AndroidManifest.xml:115:9-122:20
	android:label
		ADDED from src\main\AndroidManifest.xml:117:13-65
	android:parentActivityName
		ADDED from src\main\AndroidManifest.xml:118:13-55
	android:name
		ADDED from src\main\AndroidManifest.xml:116:13-40
activity#com.sentayzo.app.SettingsActivity
ADDED from src\main\AndroidManifest.xml:123:9-130:20
	android:label
		ADDED from src\main\AndroidManifest.xml:125:13-52
	android:parentActivityName
		ADDED from src\main\AndroidManifest.xml:126:13-55
	android:name
		ADDED from src\main\AndroidManifest.xml:124:13-45
activity#com.sentayzo.app.PracticeActivity
ADDED from src\main\AndroidManifest.xml:131:9-133:63
	android:label
		ADDED from src\main\AndroidManifest.xml:133:13-60
	android:name
		ADDED from src\main\AndroidManifest.xml:132:13-45
activity#com.sentayzo.app.FragTabActivity
ADDED from src\main\AndroidManifest.xml:134:9-136:63
	android:label
		ADDED from src\main\AndroidManifest.xml:136:13-60
	android:name
		ADDED from src\main\AndroidManifest.xml:135:13-44
activity#com.sentayzo.app.LoginActivity
ADDED from src\main\AndroidManifest.xml:137:9-139:60
	android:label
		ADDED from src\main\AndroidManifest.xml:139:13-57
	android:name
		ADDED from src\main\AndroidManifest.xml:138:13-42
activity#com.sentayzo.app.StartActivity
ADDED from src\main\AndroidManifest.xml:140:9-149:20
	android:label
		ADDED from src\main\AndroidManifest.xml:142:13-45
	android:theme
		ADDED from src\main\AndroidManifest.xml:143:13-47
	android:name
		ADDED from src\main\AndroidManifest.xml:141:13-42
intent-filter#android.intent.action.MAIN+android.intent.category.LAUNCHER
ADDED from src\main\AndroidManifest.xml:144:13-148:29
action#android.intent.action.MAIN
ADDED from src\main\AndroidManifest.xml:145:17-69
	android:name
		ADDED from src\main\AndroidManifest.xml:145:25-66
category#android.intent.category.LAUNCHER
ADDED from src\main\AndroidManifest.xml:147:17-77
	android:name
		ADDED from src\main\AndroidManifest.xml:147:27-74
activity#com.sentayzo.app.ReportsViewActivity
ADDED from src\main\AndroidManifest.xml:150:9-157:20
	android:label
		ADDED from src\main\AndroidManifest.xml:152:13-64
	android:parentActivityName
		ADDED from src\main\AndroidManifest.xml:153:13-55
	android:name
		ADDED from src\main\AndroidManifest.xml:151:13-48
activity#com.sentayzo.app.NavDrawerTestActivity
ADDED from src\main\AndroidManifest.xml:158:9-160:70
	android:label
		ADDED from src\main\AndroidManifest.xml:160:13-67
	android:name
		ADDED from src\main\AndroidManifest.xml:159:13-50
receiver#com.sentayzo.app.AlarmReceiver
ADDED from src\main\AndroidManifest.xml:163:9-51
	android:name
		ADDED from src\main\AndroidManifest.xml:163:19-48
activity#com.sentayzo.app.NewScheduledTransactionActivity
ADDED from src\main\AndroidManifest.xml:165:9-172:20
	android:label
		ADDED from src\main\AndroidManifest.xml:167:13-77
	android:parentActivityName
		ADDED from src\main\AndroidManifest.xml:168:13-55
	android:name
		ADDED from src\main\AndroidManifest.xml:166:13-60
service#com.sentayzo.app.AlarmService
ADDED from src\main\AndroidManifest.xml:174:9-176:38
	android:enabled
		ADDED from src\main\AndroidManifest.xml:176:13-35
	android:name
		ADDED from src\main\AndroidManifest.xml:175:13-41
receiver#com.sentayzo.app.BootReceiver
ADDED from src\main\AndroidManifest.xml:178:9-182:20
	android:name
		ADDED from src\main\AndroidManifest.xml:178:19-47
intent-filter#android.intent.action.BOOT_COMPLETED
ADDED from src\main\AndroidManifest.xml:179:13-181:29
action#android.intent.action.BOOT_COMPLETED
ADDED from src\main\AndroidManifest.xml:180:17-79
	android:name
		ADDED from src\main\AndroidManifest.xml:180:25-76
activity#com.sentayzo.app.EditScheduledTx
ADDED from src\main\AndroidManifest.xml:184:9-191:20
	android:label
		ADDED from src\main\AndroidManifest.xml:186:13-69
	android:parentActivityName
		ADDED from src\main\AndroidManifest.xml:187:13-55
	android:name
		ADDED from src\main\AndroidManifest.xml:185:13-44
activity#com.sentayzo.app.EditTransfer
ADDED from src\main\AndroidManifest.xml:192:9-199:20
	android:label
		ADDED from src\main\AndroidManifest.xml:194:13-65
	android:parentActivityName
		ADDED from src\main\AndroidManifest.xml:195:13-55
	android:name
		ADDED from src\main\AndroidManifest.xml:193:13-41
activity#com.sentayzo.app.StoreActivity
ADDED from src\main\AndroidManifest.xml:200:9-202:60
	android:label
		ADDED from src\main\AndroidManifest.xml:202:13-57
	android:name
		ADDED from src\main\AndroidManifest.xml:201:13-42
activity#com.sentayzo.app.FinishedTransactions
ADDED from src\main\AndroidManifest.xml:203:9-205:76
	android:label
		ADDED from src\main\AndroidManifest.xml:205:13-73
	android:name
		ADDED from src\main\AndroidManifest.xml:204:13-49
activity#com.sentayzo.app.HelpActivityNew
ADDED from src\main\AndroidManifest.xml:206:9-213:20
	android:label
		ADDED from src\main\AndroidManifest.xml:208:13-69
	android:parentActivityName
		ADDED from src\main\AndroidManifest.xml:209:13-55
	android:name
		ADDED from src\main\AndroidManifest.xml:207:13-44
meta-data#com.google.android.gms.version
ADDED from src\main\AndroidManifest.xml:215:9-217:69
MERGED from [com.google.android.gms:play-services-basement:10.2.0] AndroidManifest.xml:20:9-121
	android:value
		ADDED from src\main\AndroidManifest.xml:217:13-66
	android:name
		ADDED from src\main\AndroidManifest.xml:216:13-58
meta-data#com.google.android.gms.analytics.globalConfigResource
ADDED from src\main\AndroidManifest.xml:218:9-220:63
	android:resource
		ADDED from src\main\AndroidManifest.xml:220:13-60
	android:name
		ADDED from src\main\AndroidManifest.xml:219:13-81
meta-data#com.google.android.backup.api_key
ADDED from src\main\AndroidManifest.xml:221:9-223:82
	android:value
		ADDED from src\main\AndroidManifest.xml:223:13-79
	android:name
		ADDED from src\main\AndroidManifest.xml:222:13-61
activity#com.google.android.gms.ads.AdActivity
ADDED from src\main\AndroidManifest.xml:225:9-228:64
MERGED from [com.google.android.gms:play-services-ads-lite:10.2.0] AndroidManifest.xml:25:9-232
	android:configChanges
		ADDED from src\main\AndroidManifest.xml:227:13-122
	android:theme
		ADDED from src\main\AndroidManifest.xml:228:13-61
	android:name
		ADDED from src\main\AndroidManifest.xml:226:13-65
activity#com.sentayzo.app.AdsTestActivity
ADDED from src\main\AndroidManifest.xml:229:9-231:63
	android:label
		ADDED from src\main\AndroidManifest.xml:231:13-60
	android:name
		ADDED from src\main\AndroidManifest.xml:230:13-44
activity#com.sentayzo.app.BudgetActivity
ADDED from src\main\AndroidManifest.xml:232:9-234:61
	android:label
		ADDED from src\main\AndroidManifest.xml:234:13-58
	android:name
		ADDED from src\main\AndroidManifest.xml:233:13-43
activity#com.sentayzo.app.TransactionHistoryActivity
ADDED from src\main\AndroidManifest.xml:235:9-243:20
	android:label
		ADDED from src\main\AndroidManifest.xml:237:13-71
	android:parentActivityName
		ADDED from src\main\AndroidManifest.xml:238:13-59
	android:theme
		ADDED from src\main\AndroidManifest.xml:239:13-44
	android:name
		ADDED from src\main\AndroidManifest.xml:236:13-55
activity#com.sentayzo.app.StatisticsActivity
ADDED from src\main\AndroidManifest.xml:244:9-245:59
	android:label
		ADDED from src\main\AndroidManifest.xml:245:13-47
	android:name
		ADDED from src\main\AndroidManifest.xml:244:19-53
meta-data#android.support.VERSION
ADDED from [com.android.support:cardview-v7:25.3.0] AndroidManifest.xml:22:5-24:34
MERGED from [com.android.support:mediarouter-v7:25.3.0] AndroidManifest.xml:22:5-24:34
MERGED from [com.android.support:palette-v7:25.3.0] AndroidManifest.xml:22:5-24:34
MERGED from [com.android.support:design:25.3.0] AndroidManifest.xml:25:5-27:34
MERGED from [com.android.support:recyclerview-v7:25.3.0] AndroidManifest.xml:22:5-24:34
MERGED from [com.android.support:transition:25.3.0] AndroidManifest.xml:22:5-24:34
MERGED from [com.android.support:appcompat-v7:25.3.0] AndroidManifest.xml:25:5-27:34
MERGED from [com.android.support:support-v4:25.3.0] AndroidManifest.xml:25:5-27:34
MERGED from [com.android.support:support-fragment:25.3.0] AndroidManifest.xml:25:5-27:34
MERGED from [com.android.support:support-media-compat:25.3.0] AndroidManifest.xml:25:5-27:34